E:\PROTOBUF\PROTOBUF-2.6.1\VSPROJECTS\DEBUG\ATOMICOPS_INTERNALS_X86_MSVC.OBJ
E:\protobuf\protobuf-2.6.1\vsprojects\Debug\cl.command.1.tlog
E:\protobuf\protobuf-2.6.1\vsprojects\Debug\CL.read.1.tlog
E:\protobuf\protobuf-2.6.1\vsprojects\Debug\CL.write.1.tlog
E:\PROTOBUF\PROTOBUF-2.6.1\VSPROJECTS\DEBUG\CODED_STREAM.OBJ
E:\PROTOBUF\PROTOBUF-2.6.1\VSPROJECTS\DEBUG\COMMON.OBJ
E:\PROTOBUF\PROTOBUF-2.6.1\VSPROJECTS\DEBUG\DESCRIPTOR.OBJ
E:\PROTOBUF\PROTOBUF-2.6.1\VSPROJECTS\DEBUG\DESCRIPTOR.PB.OBJ
E:\PROTOBUF\PROTOBUF-2.6.1\VSPROJECTS\DEBUG\DESCRIPTOR_DATABASE.OBJ
E:\PROTOBUF\PROTOBUF-2.6.1\VSPROJECTS\DEBUG\DYNAMIC_MESSAGE.OBJ
E:\PROTOBUF\PROTOBUF-2.6.1\VSPROJECTS\DEBUG\EXTENSION_SET.OBJ
E:\PROTOBUF\PROTOBUF-2.6.1\VSPROJECTS\DEBUG\EXTENSION_SET_HEAVY.OBJ
E:\PROTOBUF\PROTOBUF-2.6.1\VSPROJECTS\DEBUG\GENERATED_MESSAGE_REFLECTION.OBJ
E:\PROTOBUF\PROTOBUF-2.6.1\VSPROJECTS\DEBUG\GENERATED_MESSAGE_UTIL.OBJ
E:\PROTOBUF\PROTOBUF-2.6.1\VSPROJECTS\DEBUG\GZIP_STREAM.OBJ
E:\PROTOBUF\PROTOBUF-2.6.1\VSPROJECTS\DEBUG\IMPORTER.OBJ
E:\protobuf\protobuf-2.6.1\vsprojects\Debug\lib.command.1.tlog
E:\protobuf\protobuf-2.6.1\vsprojects\Debug\Lib-link.read.1.tlog
E:\protobuf\protobuf-2.6.1\vsprojects\Debug\Lib-link.write.1.tlog
E:\PROTOBUF\PROTOBUF-2.6.1\VSPROJECTS\DEBUG\LIBPROTOBUF.LIB
E:\protobuf\protobuf-2.6.1\vsprojects\Debug\libprotobuf.vcxprojResolveAssemblyReference.cache
E:\protobuf\protobuf-2.6.1\vsprojects\Debug\libprotobuf.write.1.tlog
E:\PROTOBUF\PROTOBUF-2.6.1\VSPROJECTS\DEBUG\MESSAGE.OBJ
E:\PROTOBUF\PROTOBUF-2.6.1\VSPROJECTS\DEBUG\MESSAGE_LITE.OBJ
E:\PROTOBUF\PROTOBUF-2.6.1\VSPROJECTS\DEBUG\ONCE.OBJ
E:\PROTOBUF\PROTOBUF-2.6.1\VSPROJECTS\DEBUG\PARSER.OBJ
E:\PROTOBUF\PROTOBUF-2.6.1\VSPROJECTS\DEBUG\PRINTER.OBJ
E:\PROTOBUF\PROTOBUF-2.6.1\VSPROJECTS\DEBUG\REFLECTION_OPS.OBJ
E:\PROTOBUF\PROTOBUF-2.6.1\VSPROJECTS\DEBUG\REPEATED_FIELD.OBJ
E:\PROTOBUF\PROTOBUF-2.6.1\VSPROJECTS\DEBUG\SERVICE.OBJ
E:\PROTOBUF\PROTOBUF-2.6.1\VSPROJECTS\DEBUG\STRINGPRINTF.OBJ
E:\PROTOBUF\PROTOBUF-2.6.1\VSPROJECTS\DEBUG\STRTOD.OBJ
E:\PROTOBUF\PROTOBUF-2.6.1\VSPROJECTS\DEBUG\STRUCTURALLY_VALID.OBJ
E:\PROTOBUF\PROTOBUF-2.6.1\VSPROJECTS\DEBUG\STRUTIL.OBJ
E:\PROTOBUF\PROTOBUF-2.6.1\VSPROJECTS\DEBUG\SUBSTITUTE.OBJ
E:\PROTOBUF\PROTOBUF-2.6.1\VSPROJECTS\DEBUG\TEXT_FORMAT.OBJ
E:\PROTOBUF\PROTOBUF-2.6.1\VSPROJECTS\DEBUG\TOKENIZER.OBJ
E:\PROTOBUF\PROTOBUF-2.6.1\VSPROJECTS\DEBUG\UNKNOWN_FIELD_SET.OBJ
E:\protobuf\protobuf-2.6.1\vsprojects\Debug\vc100.idb
E:\PROTOBUF\PROTOBUF-2.6.1\VSPROJECTS\DEBUG\VC100.PDB
E:\PROTOBUF\PROTOBUF-2.6.1\VSPROJECTS\DEBUG\WIRE_FORMAT.OBJ
E:\PROTOBUF\PROTOBUF-2.6.1\VSPROJECTS\DEBUG\WIRE_FORMAT_LITE.OBJ
E:\PROTOBUF\PROTOBUF-2.6.1\VSPROJECTS\DEBUG\ZERO_COPY_STREAM.OBJ
E:\PROTOBUF\PROTOBUF-2.6.1\VSPROJECTS\DEBUG\ZERO_COPY_STREAM_IMPL.OBJ
E:\PROTOBUF\PROTOBUF-2.6.1\VSPROJECTS\DEBUG\ZERO_COPY_STREAM_IMPL_LITE.OBJ
